  main.cpp
  e:\directxsdk\include\dinput.h: DIRECTINPUT_VERSION undefined. Defaulting to version 0x0800
e:\directxsdk\include\dxgitype.h(12): warning C4005: “DXGI_STATUS_OCCLUDED”: 宏重定义
  c:\program files (x86)\windows kits\10\include\10.0.16299.0\shared\winerror.h(53655): note: 参见“DXGI_STATUS_OCCLUDED”的前一个定义
e:\directxsdk\include\dxgitype.h(13): warning C4005: “DXGI_STATUS_CLIPPED”: 宏重定义
  c:\program files (x86)\windows kits\10\include\10.0.16299.0\shared\winerror.h(53664): note: 参见“DXGI_STATUS_CLIPPED”的前一个定义
e:\directxsdk\include\dxgitype.h(14): warning C4005: “DXGI_STATUS_NO_REDIRECTION”: 宏重定义
  c:\program files (x86)\windows kits\10\include\10.0.16299.0\shared\winerror.h(53673): note: 参见“DXGI_STATUS_NO_REDIRECTION”的前一个定义
e:\directxsdk\include\dxgitype.h(15): warning C4005: “DXGI_STATUS_NO_DESKTOP_ACCESS”: 宏重定义
  c:\program files (x86)\windows kits\10\include\10.0.16299.0\shared\winerror.h(53682): note: 参见“DXGI_STATUS_NO_DESKTOP_ACCESS”的前一个定义
e:\directxsdk\include\dxgitype.h(16): warning C4005: “DXGI_STATUS_GRAPHICS_VIDPN_SOURCE_IN_USE”: 宏重定义
  c:\program files (x86)\windows kits\10\include\10.0.16299.0\shared\winerror.h(53691): note: 参见“DXGI_STATUS_GRAPHICS_VIDPN_SOURCE_IN_USE”的前一个定义
e:\directxsdk\include\dxgitype.h(17): warning C4005: “DXGI_STATUS_MODE_CHANGED”: 宏重定义
  c:\program files (x86)\windows kits\10\include\10.0.16299.0\shared\winerror.h(53700): note: 参见“DXGI_STATUS_MODE_CHANGED”的前一个定义
e:\directxsdk\include\dxgitype.h(18): warning C4005: “DXGI_STATUS_MODE_CHANGE_IN_PROGRESS”: 宏重定义
  c:\program files (x86)\windows kits\10\include\10.0.16299.0\shared\winerror.h(53709): note: 参见“DXGI_STATUS_MODE_CHANGE_IN_PROGRESS”的前一个定义
e:\directxsdk\include\dxgitype.h(21): warning C4005: “DXGI_ERROR_INVALID_CALL”: 宏重定义
  c:\program files (x86)\windows kits\10\include\10.0.16299.0\shared\winerror.h(53724): note: 参见“DXGI_ERROR_INVALID_CALL”的前一个定义
e:\directxsdk\include\dxgitype.h(22): warning C4005: “DXGI_ERROR_NOT_FOUND”: 宏重定义
  c:\program files (x86)\windows kits\10\include\10.0.16299.0\shared\winerror.h(53733): note: 参见“DXGI_ERROR_NOT_FOUND”的前一个定义
e:\directxsdk\include\dxgitype.h(23): warning C4005: “DXGI_ERROR_MORE_DATA”: 宏重定义
  c:\program files (x86)\windows kits\10\include\10.0.16299.0\shared\winerror.h(53742): note: 参见“DXGI_ERROR_MORE_DATA”的前一个定义
e:\directxsdk\include\dxgitype.h(24): warning C4005: “DXGI_ERROR_UNSUPPORTED”: 宏重定义
  c:\program files (x86)\windows kits\10\include\10.0.16299.0\shared\winerror.h(53751): note: 参见“DXGI_ERROR_UNSUPPORTED”的前一个定义
e:\directxsdk\include\dxgitype.h(25): warning C4005: “DXGI_ERROR_DEVICE_REMOVED”: 宏重定义
  c:\program files (x86)\windows kits\10\include\10.0.16299.0\shared\winerror.h(53760): note: 参见“DXGI_ERROR_DEVICE_REMOVED”的前一个定义
e:\directxsdk\include\dxgitype.h(26): warning C4005: “DXGI_ERROR_DEVICE_HUNG”: 宏重定义
  c:\program files (x86)\windows kits\10\include\10.0.16299.0\shared\winerror.h(53769): note: 参见“DXGI_ERROR_DEVICE_HUNG”的前一个定义
e:\directxsdk\include\dxgitype.h(27): warning C4005: “DXGI_ERROR_DEVICE_RESET”: 宏重定义
  c:\program files (x86)\windows kits\10\include\10.0.16299.0\shared\winerror.h(53779): note: 参见“DXGI_ERROR_DEVICE_RESET”的前一个定义
e:\directxsdk\include\dxgitype.h(28): warning C4005: “DXGI_ERROR_WAS_STILL_DRAWING”: 宏重定义
  c:\program files (x86)\windows kits\10\include\10.0.16299.0\shared\winerror.h(53788): note: 参见“DXGI_ERROR_WAS_STILL_DRAWING”的前一个定义
e:\directxsdk\include\dxgitype.h(29): warning C4005: “DXGI_ERROR_FRAME_STATISTICS_DISJOINT”: 宏重定义
  c:\program files (x86)\windows kits\10\include\10.0.16299.0\shared\winerror.h(53798): note: 参见“DXGI_ERROR_FRAME_STATISTICS_DISJOINT”的前一个定义
e:\directxsdk\include\dxgitype.h(30): warning C4005: “DXGI_ERROR_GRAPHICS_VIDPN_SOURCE_IN_USE”: 宏重定义
  c:\program files (x86)\windows kits\10\include\10.0.16299.0\shared\winerror.h(53807): note: 参见“DXGI_ERROR_GRAPHICS_VIDPN_SOURCE_IN_USE”的前一个定义
e:\directxsdk\include\dxgitype.h(31): warning C4005: “DXGI_ERROR_DRIVER_INTERNAL_ERROR”: 宏重定义
  c:\program files (x86)\windows kits\10\include\10.0.16299.0\shared\winerror.h(53817): note: 参见“DXGI_ERROR_DRIVER_INTERNAL_ERROR”的前一个定义
e:\directxsdk\include\dxgitype.h(32): warning C4005: “DXGI_ERROR_NONEXCLUSIVE”: 宏重定义
  c:\program files (x86)\windows kits\10\include\10.0.16299.0\shared\winerror.h(53826): note: 参见“DXGI_ERROR_NONEXCLUSIVE”的前一个定义
e:\directxsdk\include\dxgitype.h(33): warning C4005: “DXGI_ERROR_NOT_CURRENTLY_AVAILABLE”: 宏重定义
  c:\program files (x86)\windows kits\10\include\10.0.16299.0\shared\winerror.h(53835): note: 参见“DXGI_ERROR_NOT_CURRENTLY_AVAILABLE”的前一个定义
e:\directxsdk\include\dxgitype.h(34): warning C4005: “DXGI_ERROR_REMOTE_CLIENT_DISCONNECTED”: 宏重定义
  c:\program files (x86)\windows kits\10\include\10.0.16299.0\shared\winerror.h(53845): note: 参见“DXGI_ERROR_REMOTE_CLIENT_DISCONNECTED”的前一个定义
e:\directxsdk\include\dxgitype.h(35): warning C4005: “DXGI_ERROR_REMOTE_OUTOFMEMORY”: 宏重定义
  c:\program files (x86)\windows kits\10\include\10.0.16299.0\shared\winerror.h(53854): note: 参见“DXGI_ERROR_REMOTE_OUTOFMEMORY”的前一个定义
e:\directxsdk\include\d3d10.h(608): warning C4005: “D3D10_ERROR_TOO_MANY_UNIQUE_STATE_OBJECTS”: 宏重定义
  c:\program files (x86)\windows kits\10\include\10.0.16299.0\shared\winerror.h(54094): note: 参见“D3D10_ERROR_TOO_MANY_UNIQUE_STATE_OBJECTS”的前一个定义
e:\directxsdk\include\d3d10.h(609): warning C4005: “D3D10_ERROR_FILE_NOT_FOUND”: 宏重定义
  c:\program files (x86)\windows kits\10\include\10.0.16299.0\shared\winerror.h(54103): note: 参见“D3D10_ERROR_FILE_NOT_FOUND”的前一个定义
e:\cpp\fpsserver\d3ddemo23\runtime.h(49): warning C4005: “DIRECTINPUT_VERSION”: 宏重定义
  e:\directxsdk\include\dinput.h(42): note: 参见“DIRECTINPUT_VERSION”的前一个定义
e:\cpp\fpsserver\d3ddemo23\helper.h(31): warning C4244: “=”: 从“int”转换到“FLOAT”，可能丢失数据
e:\cpp\fpsserver\d3ddemo23\helper.h(36): warning C4244: “=”: 从“int”转换到“FLOAT”，可能丢失数据
e:\cpp\fpsserver\d3ddemo23\helper.h(42): warning C4244: “=”: 从“int”转换到“FLOAT”，可能丢失数据
e:\cpp\fpsserver\d3ddemo23\helper.h(47): warning C4244: “=”: 从“int”转换到“FLOAT”，可能丢失数据
e:\cpp\fpsserver\d3ddemo23\staticobject.h(32): warning C4305: “-=”: 从“double”到“float”截断
e:\cpp\fpsserver\d3ddemo23\staticobject.h(41): warning C4305: “-=”: 从“double”到“float”截断
e:\cpp\fpsserver\d3ddemo23\f_terrain.h(57): warning C4244: “初始化”: 从“double”转换到“float”，可能丢失数据
e:\cpp\fpsserver\d3ddemo23\f_terrain.h(63): warning C4244: “参数”: 从“float”转换到“const unsigned int”，可能丢失数据
e:\cpp\fpsserver\d3ddemo23\f_terrain.h(64): warning C4244: “参数”: 从“float”转换到“const unsigned int”，可能丢失数据
e:\cpp\fpsserver\d3ddemo23\f_terrain.h(65): warning C4244: “参数”: 从“float”转换到“const unsigned int”，可能丢失数据
e:\cpp\fpsserver\d3ddemo23\f_terrain.h(66): warning C4244: “参数”: 从“float”转换到“const unsigned int”，可能丢失数据
e:\cpp\fpsserver\d3ddemo23\f_terrain.h(140): warning C4244: “参数”: 从“std::streamoff”转换到“const unsigned int”，可能丢失数据
e:\cpp\fpsserver\d3ddemo23\f_animator.h(106): warning C4316: “D3DXFRAME_DERIVED”: 在堆上分配的对象可能不是对齐 16
e:\cpp\fpsserver\d3ddemo23\f_animator.h(776): warning C4305: “参数”: 从“double”到“FLOAT”截断
e:\cpp\fpsserver\d3ddemo23\f_animator.h(786): warning C4305: “参数”: 从“double”到“FLOAT”截断
e:\cpp\fpsserver\d3ddemo23\f_particlegenerator.h(122): warning C4018: “<”: 有符号/无符号不匹配
e:\cpp\fpsserver\d3ddemo23\f_particlegenerator.h(162): warning C4244: “=”: 从“ULONGLONG”转换到“float”，可能丢失数据
e:\cpp\fpsserver\d3ddemo23\f_character.h(67): warning C4305: “=”: 从“double”到“FLOAT”截断
e:\cpp\fpsserver\d3ddemo23\f_character.h(94): warning C4305: “=”: 从“double”到“FLOAT”截断
e:\cpp\fpsserver\d3ddemo23\f_character.h(121): warning C4305: “=”: 从“double”到“FLOAT”截断
e:\cpp\fpsserver\d3ddemo23\f_character.h(150): warning C4305: “=”: 从“double”到“FLOAT”截断
e:\cpp\fpsserver\d3ddemo23\f_character.h(159): warning C4305: “=”: 从“double”到“FLOAT”截断
e:\cpp\fpsserver\d3ddemo23\f_character.h(187): warning C4305: “=”: 从“double”到“FLOAT”截断
e:\cpp\fpsserver\d3ddemo23\f_character.h(210): warning C4316: “F_Animator”: 在堆上分配的对象可能不是对齐 16
e:\cpp\fpsserver\d3ddemo23\f_character.h(465): warning C4305: “+=”: 从“double”到“float”截断
e:\cpp\fpsserver\d3ddemo23\f_character.h(472): warning C4305: “参数”: 从“double”到“float”截断
e:\cpp\fpsserver\d3ddemo23\sourcemanager.h(325): warning C4305: “参数”: 从“double”到“FLOAT”截断
e:\cpp\fpsserver\d3ddemo23\sourcemanager.h(328): warning C4305: “参数”: 从“double”到“FLOAT”截断
e:\cpp\fpsserver\d3ddemo23\base.h(418): warning C4018: “<”: 有符号/无符号不匹配
e:\cpp\fpsserver\d3ddemo23\base.h(397): warning C4101: “meettheplayer”: 未引用的局部变量
e:\cpp\fpsserver\d3ddemo23\base.h(890): warning C4996: 'gethostbyname': Use getaddrinfo() or GetAddrInfoW() instead or define _WINSOCK_DEPRECATED_NO_WARNINGS to disable deprecated API warnings
  c:\program files (x86)\windows kits\10\include\10.0.16299.0\um\winsock2.h(2218): note: 参见“gethostbyname”的声明
e:\cpp\fpsserver\d3ddemo23\base.h(895): warning C4996: 'inet_ntoa': Use inet_ntop() or InetNtop() instead or define _WINSOCK_DEPRECATED_NO_WARNINGS to disable deprecated API warnings
  c:\program files (x86)\windows kits\10\include\10.0.16299.0\um\winsock2.h(1848): note: 参见“inet_ntoa”的声明
e:\cpp\fpsserver\d3ddemo23\base.h(921): warning C4996: 'inet_addr': Use inet_pton() or InetPton() instead or define _WINSOCK_DEPRECATED_NO_WARNINGS to disable deprecated API warnings
  c:\program files (x86)\windows kits\10\include\10.0.16299.0\um\winsock2.h(1830): note: 参见“inet_addr”的声明
e:\cpp\fpsserver\d3ddemo23\base.h(926): warning C4996: 'inet_addr': Use inet_pton() or InetPton() instead or define _WINSOCK_DEPRECATED_NO_WARNINGS to disable deprecated API warnings
  c:\program files (x86)\windows kits\10\include\10.0.16299.0\um\winsock2.h(1830): note: 参见“inet_addr”的声明
e:\cpp\fpsserver\d3ddemo23\base.h(931): warning C4996: 'inet_addr': Use inet_pton() or InetPton() instead or define _WINSOCK_DEPRECATED_NO_WARNINGS to disable deprecated API warnings
  c:\program files (x86)\windows kits\10\include\10.0.16299.0\um\winsock2.h(1830): note: 参见“inet_addr”的声明
e:\cpp\fpsserver\d3ddemo23\base.h(1164): warning C4996: 'inet_addr': Use inet_pton() or InetPton() instead or define _WINSOCK_DEPRECATED_NO_WARNINGS to disable deprecated API warnings
  c:\program files (x86)\windows kits\10\include\10.0.16299.0\um\winsock2.h(1830): note: 参见“inet_addr”的声明
e:\cpp\fpsserver\d3ddemo23\main.cpp(54): warning C4244: “=”: 从“ULONGLONG”转换到“DWORD”，可能丢失数据
  正在生成代码
  0 of 1264 functions ( 0.0%) were compiled, the rest were copied from previous compilation.
    0 functions were new in current compilation
    1 functions had inline decision re-evaluated but remain unchanged
  已完成代码的生成
  D3Ddemo23.vcxproj -> E:\cpp\FpsServer\Release\FpsServer.exe
